<?xml version="1.0" encoding="utf-8"?><testsuites><testsuite name="pytest" errors="0" failures="0" skipped="0" tests="4" time="0.014" timestamp="2023-11-21T16:34:50.635566" hostname="Nancys-MacBook-Pro.local"><testcase classname="tests.test_cache.TestCacheFunctions" name="test_get_from_cache_existing_key" time="0.000" /><testcase classname="tests.test_cache.TestCacheFunctions" name="test_get_from_cache_non_existing_key" time="0.000" /><testcase classname="tests.test_cache.TestCacheFunctions" name="test_put_in_cache_exceeding_capacity" time="0.000" /><testcase classname="tests.test_cache.TestCacheFunctions" name="test_put_in_cache_within_capacity" time="0.000" /></testsuite></testsuites>